09-Jun-2025 16:37:02.730 INFO [main] org.apache.catalina.startup.VersionLoggerListener.log 서버 버전 이름:    Apache Tomcat/10.1.40
09-Jun-2025 16:37:02.734 INFO [main] org.apache.catalina.startup.VersionLoggerListener.log Server 빌드 시각:  Apr 1 2025 17:20:53 UTC
09-Jun-2025 16:37:02.743 INFO [main] org.apache.catalina.startup.VersionLoggerListener.log Server 버전 번호:  10.1.40.0
09-Jun-2025 16:37:02.743 INFO [main] org.apache.catalina.startup.VersionLoggerListener.log 운영체제 이름:     Windows 10
09-Jun-2025 16:37:02.743 INFO [main] org.apache.catalina.startup.VersionLoggerListener.log 운영체제 버전:     10.0
09-Jun-2025 16:37:02.743 INFO [main] org.apache.catalina.startup.VersionLoggerListener.log 아키텍처:          amd64
09-Jun-2025 16:37:02.743 INFO [main] org.apache.catalina.startup.VersionLoggerListener.log 자바 홈:           C:\Program Files\Java\jdk-17
09-Jun-2025 16:37:02.743 INFO [main] org.apache.catalina.startup.VersionLoggerListener.log JVM 버전:          17.0.14+8-LTS-191
09-Jun-2025 16:37:02.743 INFO [main] org.apache.catalina.startup.VersionLoggerListener.log JVM 벤더:          Oracle Corporation
09-Jun-2025 16:37:02.744 INFO [main] org.apache.catalina.startup.VersionLoggerListener.log CATALINA_BASE:     C:\Users\it\Documents\back\workspacejsp\apache-tomcat-10.1.40-windows-x64\apache-tomcat-10.1.40
09-Jun-2025 16:37:02.744 INFO [main] org.apache.catalina.startup.VersionLoggerListener.log CATALINA_HOME:     C:\Users\it\Documents\back\workspacejsp\apache-tomcat-10.1.40-windows-x64\apache-tomcat-10.1.40
09-Jun-2025 16:37:02.744 INFO [main] org.apache.catalina.startup.VersionLoggerListener.log 명령 행 아규먼트:  -Djava.util.logging.config.file=C:\Users\it\Documents\back\workspacejsp\apache-tomcat-10.1.40-windows-x64\apache-tomcat-10.1.40\conf\logging.properties
09-Jun-2025 16:37:02.744 INFO [main] org.apache.catalina.startup.VersionLoggerListener.log 명령 행 아규먼트:  -Djava.util.logging.manager=org.apache.juli.ClassLoaderLogManager
09-Jun-2025 16:37:02.745 INFO [main] org.apache.catalina.startup.VersionLoggerListener.log 명령 행 아규먼트:  -Djdk.tls.ephemeralDHKeySize=2048
09-Jun-2025 16:37:02.745 INFO [main] org.apache.catalina.startup.VersionLoggerListener.log 명령 행 아규먼트:  -Dfile.encoding=utf-8
09-Jun-2025 16:37:02.745 INFO [main] org.apache.catalina.startup.VersionLoggerListener.log 명령 행 아규먼트:  -Djava.protocol.handler.pkgs=org.apache.catalina.webresources
09-Jun-2025 16:37:02.745 INFO [main] org.apache.catalina.startup.VersionLoggerListener.log 명령 행 아규먼트:  -Dsun.io.useCanonCaches=false
09-Jun-2025 16:37:02.745 INFO [main] org.apache.catalina.startup.VersionLoggerListener.log 명령 행 아규먼트:  --add-opens=java.base/java.lang=ALL-UNNAMED
09-Jun-2025 16:37:02.746 INFO [main] org.apache.catalina.startup.VersionLoggerListener.log 명령 행 아규먼트:  --add-opens=java.base/java.lang.reflect=ALL-UNNAMED
09-Jun-2025 16:37:02.746 INFO [main] org.apache.catalina.startup.VersionLoggerListener.log 명령 행 아규먼트:  --add-opens=java.base/java.io=ALL-UNNAMED
09-Jun-2025 16:37:02.746 INFO [main] org.apache.catalina.startup.VersionLoggerListener.log 명령 행 아규먼트:  --add-opens=java.base/java.util=ALL-UNNAMED
09-Jun-2025 16:37:02.746 INFO [main] org.apache.catalina.startup.VersionLoggerListener.log 명령 행 아규먼트:  --add-opens=java.base/java.util.concurrent=ALL-UNNAMED
09-Jun-2025 16:37:02.746 INFO [main] org.apache.catalina.startup.VersionLoggerListener.log 명령 행 아규먼트:  --add-opens=java.rmi/sun.rmi.transport=ALL-UNNAMED
09-Jun-2025 16:37:02.747 INFO [main] org.apache.catalina.startup.VersionLoggerListener.log 명령 행 아규먼트:  -Dcatalina.base=C:\Users\it\Documents\back\workspacejsp\apache-tomcat-10.1.40-windows-x64\apache-tomcat-10.1.40
09-Jun-2025 16:37:02.747 INFO [main] org.apache.catalina.startup.VersionLoggerListener.log 명령 행 아규먼트:  -Dcatalina.home=C:\Users\it\Documents\back\workspacejsp\apache-tomcat-10.1.40-windows-x64\apache-tomcat-10.1.40
09-Jun-2025 16:37:02.747 INFO [main] org.apache.catalina.startup.VersionLoggerListener.log 명령 행 아규먼트:  -Djava.io.tmpdir=C:\Users\it\Documents\back\workspacejsp\apache-tomcat-10.1.40-windows-x64\apache-tomcat-10.1.40\temp
09-Jun-2025 16:37:02.753 INFO [main] org.apache.catalina.core.AprLifecycleListener.lifecycleEvent APR 버전 [1.7.4]을(를) 사용한, APR 기반 Apache Tomcat Native 라이브러리 [2.0.8]을(를) 로드했습니다.
09-Jun-2025 16:37:02.778 INFO [main] org.apache.catalina.core.AprLifecycleListener.initializeSSL OpenSSL이 성공적으로 초기화되었습니다: [OpenSSL 3.0.14 4 Jun 2024]
09-Jun-2025 16:37:02.975 INFO [main] org.apache.coyote.AbstractProtocol.init 프로토콜 핸들러 ["http-nio-8080"]을(를) 초기화합니다.
09-Jun-2025 16:37:02.993 INFO [main] org.apache.catalina.startup.Catalina.load [435] 밀리초 내에 서버가 초기화되었습니다.
09-Jun-2025 16:37:03.010 INFO [main] java.util.ArrayList.forEach Name = dbcp_myoracle Ignoring unknown property: value of "5" for "midIdle" property
09-Jun-2025 16:37:03.046 INFO [main] org.apache.catalina.core.StandardService.startInternal 서비스 [Catalina]을(를) 시작합니다.
09-Jun-2025 16:37:03.046 INFO [main] org.apache.catalina.core.StandardEngine.startInternal 서버 엔진을 시작합니다: [Apache Tomcat/10.1.40]
09-Jun-2025 16:37:03.053 SEVERE [main] org.apache.catalina.realm.UserDatabaseRealm.getUserDatabase 키 [UserDatabase]을(를) 사용하여 사용자 데이터베이스를 찾는 중 예외 발생
	javax.naming.NameNotFoundException: Name [UserDatabase]은(는) 이 컨텍스트에 바인딩되지 않았습니다. [UserDatabase]을(를) 찾을 수 없습니다.
		at org.apache.naming.NamingContext.lookup(NamingContext.java:520)
		at org.apache.naming.NamingContext.lookup(NamingContext.java:155)
		at org.apache.catalina.realm.UserDatabaseRealm.getUserDatabase(UserDatabaseRealm.java:225)
		at org.apache.catalina.realm.UserDatabaseRealm.startInternal(UserDatabaseRealm.java:248)
		at org.apache.catalina.util.LifecycleBase.start(LifecycleBase.java:164)
		at org.apache.catalina.realm.CombinedRealm.startInternal(CombinedRealm.java:195)
		at org.apache.catalina.realm.LockOutRealm.startInternal(LockOutRealm.java:101)
		at org.apache.catalina.util.LifecycleBase.start(LifecycleBase.java:164)
		at org.apache.catalina.core.ContainerBase.startInternal(ContainerBase.java:742)
		at org.apache.catalina.core.StandardEngine.startInternal(StandardEngine.java:203)
		at org.apache.catalina.util.LifecycleBase.start(LifecycleBase.java:164)
		at org.apache.catalina.core.StandardService.startInternal(StandardService.java:412)
		at org.apache.catalina.util.LifecycleBase.start(LifecycleBase.java:164)
		at org.apache.catalina.core.StandardServer.startInternal(StandardServer.java:870)
		at org.apache.catalina.util.LifecycleBase.start(LifecycleBase.java:164)
		at org.apache.catalina.startup.Catalina.start(Catalina.java:761)
		at java.base/jdk.internal.reflect.NativeMethodAccessorImpl.invoke0(Native Method)
		at java.base/jdk.internal.reflect.NativeMethodAccessorImpl.invoke(NativeMethodAccessorImpl.java:77)
		at java.base/jdk.internal.reflect.DelegatingMethodAccessorImpl.invoke(DelegatingMethodAccessorImpl.java:43)
		at java.base/java.lang.reflect.Method.invoke(Method.java:568)
		at org.apache.catalina.startup.Bootstrap.start(Bootstrap.java:345)
		at org.apache.catalina.startup.Bootstrap.main(Bootstrap.java:476)
09-Jun-2025 16:37:03.055 SEVERE [main] org.apache.catalina.realm.CombinedRealm.startInternal [org.apache.catalina.realm.UserDatabaseRealm] realm을 시작하지 못했습니다.
	org.apache.catalina.LifecycleException: 키 [UserDatabase]을(를) 사용하여 UserDatabase 구성요소를 찾을 수 없습니다.
		at org.apache.catalina.realm.UserDatabaseRealm.startInternal(UserDatabaseRealm.java:250)
		at org.apache.catalina.util.LifecycleBase.start(LifecycleBase.java:164)
		at org.apache.catalina.realm.CombinedRealm.startInternal(CombinedRealm.java:195)
		at org.apache.catalina.realm.LockOutRealm.startInternal(LockOutRealm.java:101)
		at org.apache.catalina.util.LifecycleBase.start(LifecycleBase.java:164)
		at org.apache.catalina.core.ContainerBase.startInternal(ContainerBase.java:742)
		at org.apache.catalina.core.StandardEngine.startInternal(StandardEngine.java:203)
		at org.apache.catalina.util.LifecycleBase.start(LifecycleBase.java:164)
		at org.apache.catalina.core.StandardService.startInternal(StandardService.java:412)
		at org.apache.catalina.util.LifecycleBase.start(LifecycleBase.java:164)
		at org.apache.catalina.core.StandardServer.startInternal(StandardServer.java:870)
		at org.apache.catalina.util.LifecycleBase.start(LifecycleBase.java:164)
		at org.apache.catalina.startup.Catalina.start(Catalina.java:761)
		at java.base/jdk.internal.reflect.NativeMethodAccessorImpl.invoke0(Native Method)
		at java.base/jdk.internal.reflect.NativeMethodAccessorImpl.invoke(NativeMethodAccessorImpl.java:77)
		at java.base/jdk.internal.reflect.DelegatingMethodAccessorImpl.invoke(DelegatingMethodAccessorImpl.java:43)
		at java.base/java.lang.reflect.Method.invoke(Method.java:568)
		at org.apache.catalina.startup.Bootstrap.start(Bootstrap.java:345)
		at org.apache.catalina.startup.Bootstrap.main(Bootstrap.java:476)
09-Jun-2025 16:37:03.070 INFO [main] org.apache.catalina.startup.HostConfig.deployWAR 웹 애플리케이션 아카이브 [C:\Users\it\Documents\back\workspacejsp\apache-tomcat-10.1.40-windows-x64\apache-tomcat-10.1.40\webapps\ROOT.war]을(를) 배치합니다.
09-Jun-2025 16:37:04.408 INFO [main] org.apache.jasper.servlet.TldScanner.scanJars 적어도 하나의 JAR가 TLD들을 찾기 위해 스캔되었으나 아무 것도 찾지 못했습니다. 스캔했으나 TLD가 없는 JAR들의 전체 목록을 보시려면, 로그 레벨을 디버그 레벨로 설정하십시오. 스캔 과정에서 불필요한 JAR들을 건너뛰면, 시스템 시작 시간과 JSP 컴파일 시간을 단축시킬 수 있습니다.
09-Jun-2025 16:37:04.524 INFO [main] org.apache.catalina.startup.HostConfig.deployWAR 웹 애플리케이션 아카이브 [C:\Users\it\Documents\back\workspacejsp\apache-tomcat-10.1.40-windows-x64\apache-tomcat-10.1.40\webapps\ROOT.war]의 배치가 [1,453] 밀리초에 완료되었습니다.
09-Jun-2025 16:37:04.525 INFO [main] org.apache.catalina.startup.HostConfig.deployDirectory 웹 애플리케이션 디렉토리 [C:\Users\it\Documents\back\workspacejsp\apache-tomcat-10.1.40-windows-x64\apache-tomcat-10.1.40\webapps\docs]을(를) 배치합니다.
09-Jun-2025 16:37:04.562 INFO [main] org.apache.catalina.startup.HostConfig.deployDirectory 웹 애플리케이션 디렉토리 [C:\Users\it\Documents\back\workspacejsp\apache-tomcat-10.1.40-windows-x64\apache-tomcat-10.1.40\webapps\docs]에 대한 배치가 [37] 밀리초에 완료되었습니다.
09-Jun-2025 16:37:04.563 INFO [main] org.apache.catalina.startup.HostConfig.deployDirectory 웹 애플리케이션 디렉토리 [C:\Users\it\Documents\back\workspacejsp\apache-tomcat-10.1.40-windows-x64\apache-tomcat-10.1.40\webapps\examples]을(를) 배치합니다.
09-Jun-2025 16:37:04.966 INFO [main] org.apache.catalina.startup.HostConfig.deployDirectory 웹 애플리케이션 디렉토리 [C:\Users\it\Documents\back\workspacejsp\apache-tomcat-10.1.40-windows-x64\apache-tomcat-10.1.40\webapps\examples]에 대한 배치가 [403] 밀리초에 완료되었습니다.
09-Jun-2025 16:37:04.967 INFO [main] org.apache.catalina.startup.HostConfig.deployDirectory 웹 애플리케이션 디렉토리 [C:\Users\it\Documents\back\workspacejsp\apache-tomcat-10.1.40-windows-x64\apache-tomcat-10.1.40\webapps\host-manager]을(를) 배치합니다.
09-Jun-2025 16:37:05.010 INFO [main] org.apache.catalina.startup.HostConfig.deployDirectory 웹 애플리케이션 디렉토리 [C:\Users\it\Documents\back\workspacejsp\apache-tomcat-10.1.40-windows-x64\apache-tomcat-10.1.40\webapps\host-manager]에 대한 배치가 [44] 밀리초에 완료되었습니다.
09-Jun-2025 16:37:05.010 INFO [main] org.apache.catalina.startup.HostConfig.deployDirectory 웹 애플리케이션 디렉토리 [C:\Users\it\Documents\back\workspacejsp\apache-tomcat-10.1.40-windows-x64\apache-tomcat-10.1.40\webapps\manager]을(를) 배치합니다.
09-Jun-2025 16:37:05.054 INFO [main] org.apache.catalina.startup.HostConfig.deployDirectory 웹 애플리케이션 디렉토리 [C:\Users\it\Documents\back\workspacejsp\apache-tomcat-10.1.40-windows-x64\apache-tomcat-10.1.40\webapps\manager]에 대한 배치가 [44] 밀리초에 완료되었습니다.
09-Jun-2025 16:37:05.058 INFO [main] org.apache.coyote.AbstractProtocol.start 프로토콜 핸들러 ["http-nio-8080"]을(를) 시작합니다.
09-Jun-2025 16:37:05.111 INFO [main] org.apache.catalina.startup.Catalina.start 서버가 [2117] 밀리초 내에 시작되었습니다.
09-Jun-2025 16:38:21.533 INFO [main] org.apache.catalina.core.StandardServer.await 셧다운 포트를 통해 유효한 셧다운 명령을 받았습니다. 서버 인스턴스를 중지시킵니다.
09-Jun-2025 16:38:21.534 INFO [main] org.apache.coyote.AbstractProtocol.pause 프로토콜 핸들러 ["http-nio-8080"]을(를) 일시 정지 중
09-Jun-2025 16:38:21.606 INFO [main] org.apache.catalina.core.StandardService.stopInternal 서비스 [Catalina]을(를) 중지시킵니다.
09-Jun-2025 16:38:21.735 WARNING [main] org.apache.catalina.loader.WebappClassLoaderBase.clearReferencesJdbc 웹 애플리케이션 [ROOT]이(가) JDBC 드라이버 [oracle.jdbc.OracleDriver]을(를) 등록했지만, 웹 애플리케이션이 중지될 때, 해당 JDBC 드라이버의 등록을 제거하지 못했습니다. 메모리 누수를 방지하기 위하여, 등록을 강제로 제거했습니다.
09-Jun-2025 16:38:21.745 INFO [main] org.apache.coyote.AbstractProtocol.stop 프로토콜 핸들러 ["http-nio-8080"]을(를) 중지시킵니다.
09-Jun-2025 16:38:21.762 INFO [main] org.apache.coyote.AbstractProtocol.destroy 프로토콜 핸들러 ["http-nio-8080"]을(를) 소멸시킵니다.
09-Jun-2025 16:38:41.552 INFO [main] org.apache.catalina.startup.VersionLoggerListener.log 서버 버전 이름:    Apache Tomcat/10.1.40
09-Jun-2025 16:38:41.555 INFO [main] org.apache.catalina.startup.VersionLoggerListener.log Server 빌드 시각:  Apr 1 2025 17:20:53 UTC
09-Jun-2025 16:38:41.557 INFO [main] org.apache.catalina.startup.VersionLoggerListener.log Server 버전 번호:  10.1.40.0
09-Jun-2025 16:38:41.557 INFO [main] org.apache.catalina.startup.VersionLoggerListener.log 운영체제 이름:     Windows 10
09-Jun-2025 16:38:41.558 INFO [main] org.apache.catalina.startup.VersionLoggerListener.log 운영체제 버전:     10.0
09-Jun-2025 16:38:41.558 INFO [main] org.apache.catalina.startup.VersionLoggerListener.log 아키텍처:          amd64
09-Jun-2025 16:38:41.558 INFO [main] org.apache.catalina.startup.VersionLoggerListener.log 자바 홈:           C:\Program Files\Java\jdk-17
09-Jun-2025 16:38:41.558 INFO [main] org.apache.catalina.startup.VersionLoggerListener.log JVM 버전:          17.0.14+8-LTS-191
09-Jun-2025 16:38:41.558 INFO [main] org.apache.catalina.startup.VersionLoggerListener.log JVM 벤더:          Oracle Corporation
09-Jun-2025 16:38:41.558 INFO [main] org.apache.catalina.startup.VersionLoggerListener.log CATALINA_BASE:     C:\Users\it\Documents\back\workspacejsp\apache-tomcat-10.1.40-windows-x64\apache-tomcat-10.1.40
09-Jun-2025 16:38:41.558 INFO [main] org.apache.catalina.startup.VersionLoggerListener.log CATALINA_HOME:     C:\Users\it\Documents\back\workspacejsp\apache-tomcat-10.1.40-windows-x64\apache-tomcat-10.1.40
09-Jun-2025 16:38:41.563 INFO [main] org.apache.catalina.startup.VersionLoggerListener.log 명령 행 아규먼트:  -Djava.util.logging.config.file=C:\Users\it\Documents\back\workspacejsp\apache-tomcat-10.1.40-windows-x64\apache-tomcat-10.1.40\conf\logging.properties
09-Jun-2025 16:38:41.563 INFO [main] org.apache.catalina.startup.VersionLoggerListener.log 명령 행 아규먼트:  -Djava.util.logging.manager=org.apache.juli.ClassLoaderLogManager
09-Jun-2025 16:38:41.563 INFO [main] org.apache.catalina.startup.VersionLoggerListener.log 명령 행 아규먼트:  -Djdk.tls.ephemeralDHKeySize=2048
09-Jun-2025 16:38:41.563 INFO [main] org.apache.catalina.startup.VersionLoggerListener.log 명령 행 아규먼트:  -Dfile.encoding=utf-8
09-Jun-2025 16:38:41.564 INFO [main] org.apache.catalina.startup.VersionLoggerListener.log 명령 행 아규먼트:  -Djava.protocol.handler.pkgs=org.apache.catalina.webresources
09-Jun-2025 16:38:41.564 INFO [main] org.apache.catalina.startup.VersionLoggerListener.log 명령 행 아규먼트:  -Dsun.io.useCanonCaches=false
09-Jun-2025 16:38:41.564 INFO [main] org.apache.catalina.startup.VersionLoggerListener.log 명령 행 아규먼트:  --add-opens=java.base/java.lang=ALL-UNNAMED
09-Jun-2025 16:38:41.565 INFO [main] org.apache.catalina.startup.VersionLoggerListener.log 명령 행 아규먼트:  --add-opens=java.base/java.lang.reflect=ALL-UNNAMED
09-Jun-2025 16:38:41.565 INFO [main] org.apache.catalina.startup.VersionLoggerListener.log 명령 행 아규먼트:  --add-opens=java.base/java.io=ALL-UNNAMED
09-Jun-2025 16:38:41.565 INFO [main] org.apache.catalina.startup.VersionLoggerListener.log 명령 행 아규먼트:  --add-opens=java.base/java.util=ALL-UNNAMED
09-Jun-2025 16:38:41.565 INFO [main] org.apache.catalina.startup.VersionLoggerListener.log 명령 행 아규먼트:  --add-opens=java.base/java.util.concurrent=ALL-UNNAMED
09-Jun-2025 16:38:41.565 INFO [main] org.apache.catalina.startup.VersionLoggerListener.log 명령 행 아규먼트:  --add-opens=java.rmi/sun.rmi.transport=ALL-UNNAMED
09-Jun-2025 16:38:41.566 INFO [main] org.apache.catalina.startup.VersionLoggerListener.log 명령 행 아규먼트:  -Dcatalina.base=C:\Users\it\Documents\back\workspacejsp\apache-tomcat-10.1.40-windows-x64\apache-tomcat-10.1.40
09-Jun-2025 16:38:41.566 INFO [main] org.apache.catalina.startup.VersionLoggerListener.log 명령 행 아규먼트:  -Dcatalina.home=C:\Users\it\Documents\back\workspacejsp\apache-tomcat-10.1.40-windows-x64\apache-tomcat-10.1.40
09-Jun-2025 16:38:41.566 INFO [main] org.apache.catalina.startup.VersionLoggerListener.log 명령 행 아규먼트:  -Djava.io.tmpdir=C:\Users\it\Documents\back\workspacejsp\apache-tomcat-10.1.40-windows-x64\apache-tomcat-10.1.40\temp
09-Jun-2025 16:38:41.568 INFO [main] org.apache.catalina.core.AprLifecycleListener.lifecycleEvent APR 버전 [1.7.4]을(를) 사용한, APR 기반 Apache Tomcat Native 라이브러리 [2.0.8]을(를) 로드했습니다.
09-Jun-2025 16:38:41.574 INFO [main] org.apache.catalina.core.AprLifecycleListener.initializeSSL OpenSSL이 성공적으로 초기화되었습니다: [OpenSSL 3.0.14 4 Jun 2024]
09-Jun-2025 16:38:41.747 INFO [main] org.apache.coyote.AbstractProtocol.init 프로토콜 핸들러 ["http-nio-8080"]을(를) 초기화합니다.
09-Jun-2025 16:38:41.763 INFO [main] org.apache.catalina.startup.Catalina.load [374] 밀리초 내에 서버가 초기화되었습니다.
09-Jun-2025 16:38:41.783 INFO [main] java.util.ArrayList.forEach Name = dbcp_myoracle Ignoring unknown property: value of "5" for "midIdle" property
09-Jun-2025 16:38:41.830 INFO [main] org.apache.catalina.core.StandardService.startInternal 서비스 [Catalina]을(를) 시작합니다.
09-Jun-2025 16:38:41.831 INFO [main] org.apache.catalina.core.StandardEngine.startInternal 서버 엔진을 시작합니다: [Apache Tomcat/10.1.40]
09-Jun-2025 16:38:41.840 SEVERE [main] org.apache.catalina.realm.UserDatabaseRealm.getUserDatabase 키 [UserDatabase]을(를) 사용하여 사용자 데이터베이스를 찾는 중 예외 발생
	javax.naming.NameNotFoundException: Name [UserDatabase]은(는) 이 컨텍스트에 바인딩되지 않았습니다. [UserDatabase]을(를) 찾을 수 없습니다.
		at org.apache.naming.NamingContext.lookup(NamingContext.java:520)
		at org.apache.naming.NamingContext.lookup(NamingContext.java:155)
		at org.apache.catalina.realm.UserDatabaseRealm.getUserDatabase(UserDatabaseRealm.java:225)
		at org.apache.catalina.realm.UserDatabaseRealm.startInternal(UserDatabaseRealm.java:248)
		at org.apache.catalina.util.LifecycleBase.start(LifecycleBase.java:164)
		at org.apache.catalina.realm.CombinedRealm.startInternal(CombinedRealm.java:195)
		at org.apache.catalina.realm.LockOutRealm.startInternal(LockOutRealm.java:101)
		at org.apache.catalina.util.LifecycleBase.start(LifecycleBase.java:164)
		at org.apache.catalina.core.ContainerBase.startInternal(ContainerBase.java:742)
		at org.apache.catalina.core.StandardEngine.startInternal(StandardEngine.java:203)
		at org.apache.catalina.util.LifecycleBase.start(LifecycleBase.java:164)
		at org.apache.catalina.core.StandardService.startInternal(StandardService.java:412)
		at org.apache.catalina.util.LifecycleBase.start(LifecycleBase.java:164)
		at org.apache.catalina.core.StandardServer.startInternal(StandardServer.java:870)
		at org.apache.catalina.util.LifecycleBase.start(LifecycleBase.java:164)
		at org.apache.catalina.startup.Catalina.start(Catalina.java:761)
		at java.base/jdk.internal.reflect.NativeMethodAccessorImpl.invoke0(Native Method)
		at java.base/jdk.internal.reflect.NativeMethodAccessorImpl.invoke(NativeMethodAccessorImpl.java:77)
		at java.base/jdk.internal.reflect.DelegatingMethodAccessorImpl.invoke(DelegatingMethodAccessorImpl.java:43)
		at java.base/java.lang.reflect.Method.invoke(Method.java:568)
		at org.apache.catalina.startup.Bootstrap.start(Bootstrap.java:345)
		at org.apache.catalina.startup.Bootstrap.main(Bootstrap.java:476)
09-Jun-2025 16:38:41.841 SEVERE [main] org.apache.catalina.realm.CombinedRealm.startInternal [org.apache.catalina.realm.UserDatabaseRealm] realm을 시작하지 못했습니다.
	org.apache.catalina.LifecycleException: 키 [UserDatabase]을(를) 사용하여 UserDatabase 구성요소를 찾을 수 없습니다.
		at org.apache.catalina.realm.UserDatabaseRealm.startInternal(UserDatabaseRealm.java:250)
		at org.apache.catalina.util.LifecycleBase.start(LifecycleBase.java:164)
		at org.apache.catalina.realm.CombinedRealm.startInternal(CombinedRealm.java:195)
		at org.apache.catalina.realm.LockOutRealm.startInternal(LockOutRealm.java:101)
		at org.apache.catalina.util.LifecycleBase.start(LifecycleBase.java:164)
		at org.apache.catalina.core.ContainerBase.startInternal(ContainerBase.java:742)
		at org.apache.catalina.core.StandardEngine.startInternal(StandardEngine.java:203)
		at org.apache.catalina.util.LifecycleBase.start(LifecycleBase.java:164)
		at org.apache.catalina.core.StandardService.startInternal(StandardService.java:412)
		at org.apache.catalina.util.LifecycleBase.start(LifecycleBase.java:164)
		at org.apache.catalina.core.StandardServer.startInternal(StandardServer.java:870)
		at org.apache.catalina.util.LifecycleBase.start(LifecycleBase.java:164)
		at org.apache.catalina.startup.Catalina.start(Catalina.java:761)
		at java.base/jdk.internal.reflect.NativeMethodAccessorImpl.invoke0(Native Method)
		at java.base/jdk.internal.reflect.NativeMethodAccessorImpl.invoke(NativeMethodAccessorImpl.java:77)
		at java.base/jdk.internal.reflect.DelegatingMethodAccessorImpl.invoke(DelegatingMethodAccessorImpl.java:43)
		at java.base/java.lang.reflect.Method.invoke(Method.java:568)
		at org.apache.catalina.startup.Bootstrap.start(Bootstrap.java:345)
		at org.apache.catalina.startup.Bootstrap.main(Bootstrap.java:476)
09-Jun-2025 16:38:41.859 INFO [main] org.apache.catalina.startup.HostConfig.deployWAR 웹 애플리케이션 아카이브 [C:\Users\it\Documents\back\workspacejsp\apache-tomcat-10.1.40-windows-x64\apache-tomcat-10.1.40\webapps\ROOT.war]을(를) 배치합니다.
09-Jun-2025 16:38:43.256 INFO [main] org.apache.jasper.servlet.TldScanner.scanJars 적어도 하나의 JAR가 TLD들을 찾기 위해 스캔되었으나 아무 것도 찾지 못했습니다. 스캔했으나 TLD가 없는 JAR들의 전체 목록을 보시려면, 로그 레벨을 디버그 레벨로 설정하십시오. 스캔 과정에서 불필요한 JAR들을 건너뛰면, 시스템 시작 시간과 JSP 컴파일 시간을 단축시킬 수 있습니다.
09-Jun-2025 16:38:43.368 INFO [main] org.apache.catalina.startup.HostConfig.deployWAR 웹 애플리케이션 아카이브 [C:\Users\it\Documents\back\workspacejsp\apache-tomcat-10.1.40-windows-x64\apache-tomcat-10.1.40\webapps\ROOT.war]의 배치가 [1,508] 밀리초에 완료되었습니다.
09-Jun-2025 16:38:43.369 INFO [main] org.apache.catalina.startup.HostConfig.deployDirectory 웹 애플리케이션 디렉토리 [C:\Users\it\Documents\back\workspacejsp\apache-tomcat-10.1.40-windows-x64\apache-tomcat-10.1.40\webapps\docs]을(를) 배치합니다.
09-Jun-2025 16:38:43.404 INFO [main] org.apache.catalina.startup.HostConfig.deployDirectory 웹 애플리케이션 디렉토리 [C:\Users\it\Documents\back\workspacejsp\apache-tomcat-10.1.40-windows-x64\apache-tomcat-10.1.40\webapps\docs]에 대한 배치가 [35] 밀리초에 완료되었습니다.
09-Jun-2025 16:38:43.404 INFO [main] org.apache.catalina.startup.HostConfig.deployDirectory 웹 애플리케이션 디렉토리 [C:\Users\it\Documents\back\workspacejsp\apache-tomcat-10.1.40-windows-x64\apache-tomcat-10.1.40\webapps\examples]을(를) 배치합니다.
09-Jun-2025 16:38:43.747 INFO [main] org.apache.catalina.startup.HostConfig.deployDirectory 웹 애플리케이션 디렉토리 [C:\Users\it\Documents\back\workspacejsp\apache-tomcat-10.1.40-windows-x64\apache-tomcat-10.1.40\webapps\examples]에 대한 배치가 [343] 밀리초에 완료되었습니다.
09-Jun-2025 16:38:43.748 INFO [main] org.apache.catalina.startup.HostConfig.deployDirectory 웹 애플리케이션 디렉토리 [C:\Users\it\Documents\back\workspacejsp\apache-tomcat-10.1.40-windows-x64\apache-tomcat-10.1.40\webapps\host-manager]을(를) 배치합니다.
09-Jun-2025 16:38:43.792 INFO [main] org.apache.catalina.startup.HostConfig.deployDirectory 웹 애플리케이션 디렉토리 [C:\Users\it\Documents\back\workspacejsp\apache-tomcat-10.1.40-windows-x64\apache-tomcat-10.1.40\webapps\host-manager]에 대한 배치가 [44] 밀리초에 완료되었습니다.
09-Jun-2025 16:38:43.792 INFO [main] org.apache.catalina.startup.HostConfig.deployDirectory 웹 애플리케이션 디렉토리 [C:\Users\it\Documents\back\workspacejsp\apache-tomcat-10.1.40-windows-x64\apache-tomcat-10.1.40\webapps\manager]을(를) 배치합니다.
09-Jun-2025 16:38:43.839 INFO [main] org.apache.catalina.startup.HostConfig.deployDirectory 웹 애플리케이션 디렉토리 [C:\Users\it\Documents\back\workspacejsp\apache-tomcat-10.1.40-windows-x64\apache-tomcat-10.1.40\webapps\manager]에 대한 배치가 [47] 밀리초에 완료되었습니다.
09-Jun-2025 16:38:43.844 INFO [main] org.apache.coyote.AbstractProtocol.start 프로토콜 핸들러 ["http-nio-8080"]을(를) 시작합니다.
09-Jun-2025 16:38:43.901 INFO [main] org.apache.catalina.startup.Catalina.start 서버가 [2137] 밀리초 내에 시작되었습니다.
09-Jun-2025 17:31:08.695 INFO [main] org.apache.catalina.startup.VersionLoggerListener.log 서버 버전 이름:    Apache Tomcat/10.1.40
09-Jun-2025 17:31:08.698 INFO [main] org.apache.catalina.startup.VersionLoggerListener.log Server 빌드 시각:  Apr 1 2025 17:20:53 UTC
09-Jun-2025 17:31:08.704 INFO [main] org.apache.catalina.startup.VersionLoggerListener.log Server 버전 번호:  10.1.40.0
09-Jun-2025 17:31:08.704 INFO [main] org.apache.catalina.startup.VersionLoggerListener.log 운영체제 이름:     Windows 10
09-Jun-2025 17:31:08.704 INFO [main] org.apache.catalina.startup.VersionLoggerListener.log 운영체제 버전:     10.0
09-Jun-2025 17:31:08.704 INFO [main] org.apache.catalina.startup.VersionLoggerListener.log 아키텍처:          amd64
09-Jun-2025 17:31:08.704 INFO [main] org.apache.catalina.startup.VersionLoggerListener.log 자바 홈:           C:\Program Files\Java\jdk-17
09-Jun-2025 17:31:08.704 INFO [main] org.apache.catalina.startup.VersionLoggerListener.log JVM 버전:          17.0.14+8-LTS-191
09-Jun-2025 17:31:08.705 INFO [main] org.apache.catalina.startup.VersionLoggerListener.log JVM 벤더:          Oracle Corporation
09-Jun-2025 17:31:08.705 INFO [main] org.apache.catalina.startup.VersionLoggerListener.log CATALINA_BASE:     C:\Users\it\Documents\back\workspacejsp\apache-tomcat-10.1.40-windows-x64\apache-tomcat-10.1.40
09-Jun-2025 17:31:08.705 INFO [main] org.apache.catalina.startup.VersionLoggerListener.log CATALINA_HOME:     C:\Users\it\Documents\back\workspacejsp\apache-tomcat-10.1.40-windows-x64\apache-tomcat-10.1.40
09-Jun-2025 17:31:08.706 INFO [main] org.apache.catalina.startup.VersionLoggerListener.log 명령 행 아규먼트:  -Djava.util.logging.config.file=C:\Users\it\Documents\back\workspacejsp\apache-tomcat-10.1.40-windows-x64\apache-tomcat-10.1.40\conf\logging.properties
09-Jun-2025 17:31:08.706 INFO [main] org.apache.catalina.startup.VersionLoggerListener.log 명령 행 아규먼트:  -Djava.util.logging.manager=org.apache.juli.ClassLoaderLogManager
09-Jun-2025 17:31:08.706 INFO [main] org.apache.catalina.startup.VersionLoggerListener.log 명령 행 아규먼트:  -Djdk.tls.ephemeralDHKeySize=2048
09-Jun-2025 17:31:08.706 INFO [main] org.apache.catalina.startup.VersionLoggerListener.log 명령 행 아규먼트:  -Dfile.encoding=utf-8
09-Jun-2025 17:31:08.706 INFO [main] org.apache.catalina.startup.VersionLoggerListener.log 명령 행 아규먼트:  -Djava.protocol.handler.pkgs=org.apache.catalina.webresources
09-Jun-2025 17:31:08.706 INFO [main] org.apache.catalina.startup.VersionLoggerListener.log 명령 행 아규먼트:  -Dsun.io.useCanonCaches=false
09-Jun-2025 17:31:08.707 INFO [main] org.apache.catalina.startup.VersionLoggerListener.log 명령 행 아규먼트:  --add-opens=java.base/java.lang=ALL-UNNAMED
09-Jun-2025 17:31:08.707 INFO [main] org.apache.catalina.startup.VersionLoggerListener.log 명령 행 아규먼트:  --add-opens=java.base/java.lang.reflect=ALL-UNNAMED
09-Jun-2025 17:31:08.707 INFO [main] org.apache.catalina.startup.VersionLoggerListener.log 명령 행 아규먼트:  --add-opens=java.base/java.io=ALL-UNNAMED
09-Jun-2025 17:31:08.707 INFO [main] org.apache.catalina.startup.VersionLoggerListener.log 명령 행 아규먼트:  --add-opens=java.base/java.util=ALL-UNNAMED
09-Jun-2025 17:31:08.707 INFO [main] org.apache.catalina.startup.VersionLoggerListener.log 명령 행 아규먼트:  --add-opens=java.base/java.util.concurrent=ALL-UNNAMED
09-Jun-2025 17:31:08.708 INFO [main] org.apache.catalina.startup.VersionLoggerListener.log 명령 행 아규먼트:  --add-opens=java.rmi/sun.rmi.transport=ALL-UNNAMED
09-Jun-2025 17:31:08.708 INFO [main] org.apache.catalina.startup.VersionLoggerListener.log 명령 행 아규먼트:  -Dcatalina.base=C:\Users\it\Documents\back\workspacejsp\apache-tomcat-10.1.40-windows-x64\apache-tomcat-10.1.40
09-Jun-2025 17:31:08.708 INFO [main] org.apache.catalina.startup.VersionLoggerListener.log 명령 행 아규먼트:  -Dcatalina.home=C:\Users\it\Documents\back\workspacejsp\apache-tomcat-10.1.40-windows-x64\apache-tomcat-10.1.40
09-Jun-2025 17:31:08.708 INFO [main] org.apache.catalina.startup.VersionLoggerListener.log 명령 행 아규먼트:  -Djava.io.tmpdir=C:\Users\it\Documents\back\workspacejsp\apache-tomcat-10.1.40-windows-x64\apache-tomcat-10.1.40\temp
09-Jun-2025 17:31:08.711 INFO [main] org.apache.catalina.core.AprLifecycleListener.lifecycleEvent APR 버전 [1.7.4]을(를) 사용한, APR 기반 Apache Tomcat Native 라이브러리 [2.0.8]을(를) 로드했습니다.
09-Jun-2025 17:31:08.716 INFO [main] org.apache.catalina.core.AprLifecycleListener.initializeSSL OpenSSL이 성공적으로 초기화되었습니다: [OpenSSL 3.0.14 4 Jun 2024]
09-Jun-2025 17:31:08.909 INFO [main] org.apache.coyote.AbstractProtocol.init 프로토콜 핸들러 ["http-nio-8080"]을(를) 초기화합니다.
09-Jun-2025 17:31:08.925 INFO [main] org.apache.catalina.startup.Catalina.load [376] 밀리초 내에 서버가 초기화되었습니다.
09-Jun-2025 17:31:08.941 INFO [main] java.util.ArrayList.forEach Name = dbcp_myoracle Ignoring unknown property: value of "5" for "midIdle" property
09-Jun-2025 17:31:08.975 INFO [main] org.apache.catalina.core.StandardService.startInternal 서비스 [Catalina]을(를) 시작합니다.
09-Jun-2025 17:31:08.975 INFO [main] org.apache.catalina.core.StandardEngine.startInternal 서버 엔진을 시작합니다: [Apache Tomcat/10.1.40]
09-Jun-2025 17:31:08.982 SEVERE [main] org.apache.catalina.realm.UserDatabaseRealm.getUserDatabase 키 [UserDatabase]을(를) 사용하여 사용자 데이터베이스를 찾는 중 예외 발생
	javax.naming.NameNotFoundException: Name [UserDatabase]은(는) 이 컨텍스트에 바인딩되지 않았습니다. [UserDatabase]을(를) 찾을 수 없습니다.
		at org.apache.naming.NamingContext.lookup(NamingContext.java:520)
		at org.apache.naming.NamingContext.lookup(NamingContext.java:155)
		at org.apache.catalina.realm.UserDatabaseRealm.getUserDatabase(UserDatabaseRealm.java:225)
		at org.apache.catalina.realm.UserDatabaseRealm.startInternal(UserDatabaseRealm.java:248)
		at org.apache.catalina.util.LifecycleBase.start(LifecycleBase.java:164)
		at org.apache.catalina.realm.CombinedRealm.startInternal(CombinedRealm.java:195)
		at org.apache.catalina.realm.LockOutRealm.startInternal(LockOutRealm.java:101)
		at org.apache.catalina.util.LifecycleBase.start(LifecycleBase.java:164)
		at org.apache.catalina.core.ContainerBase.startInternal(ContainerBase.java:742)
		at org.apache.catalina.core.StandardEngine.startInternal(StandardEngine.java:203)
		at org.apache.catalina.util.LifecycleBase.start(LifecycleBase.java:164)
		at org.apache.catalina.core.StandardService.startInternal(StandardService.java:412)
		at org.apache.catalina.util.LifecycleBase.start(LifecycleBase.java:164)
		at org.apache.catalina.core.StandardServer.startInternal(StandardServer.java:870)
		at org.apache.catalina.util.LifecycleBase.start(LifecycleBase.java:164)
		at org.apache.catalina.startup.Catalina.start(Catalina.java:761)
		at java.base/jdk.internal.reflect.NativeMethodAccessorImpl.invoke0(Native Method)
		at java.base/jdk.internal.reflect.NativeMethodAccessorImpl.invoke(NativeMethodAccessorImpl.java:77)
		at java.base/jdk.internal.reflect.DelegatingMethodAccessorImpl.invoke(DelegatingMethodAccessorImpl.java:43)
		at java.base/java.lang.reflect.Method.invoke(Method.java:568)
		at org.apache.catalina.startup.Bootstrap.start(Bootstrap.java:345)
		at org.apache.catalina.startup.Bootstrap.main(Bootstrap.java:476)
09-Jun-2025 17:31:08.984 SEVERE [main] org.apache.catalina.realm.CombinedRealm.startInternal [org.apache.catalina.realm.UserDatabaseRealm] realm을 시작하지 못했습니다.
	org.apache.catalina.LifecycleException: 키 [UserDatabase]을(를) 사용하여 UserDatabase 구성요소를 찾을 수 없습니다.
		at org.apache.catalina.realm.UserDatabaseRealm.startInternal(UserDatabaseRealm.java:250)
		at org.apache.catalina.util.LifecycleBase.start(LifecycleBase.java:164)
		at org.apache.catalina.realm.CombinedRealm.startInternal(CombinedRealm.java:195)
		at org.apache.catalina.realm.LockOutRealm.startInternal(LockOutRealm.java:101)
		at org.apache.catalina.util.LifecycleBase.start(LifecycleBase.java:164)
		at org.apache.catalina.core.ContainerBase.startInternal(ContainerBase.java:742)
		at org.apache.catalina.core.StandardEngine.startInternal(StandardEngine.java:203)
		at org.apache.catalina.util.LifecycleBase.start(LifecycleBase.java:164)
		at org.apache.catalina.core.StandardService.startInternal(StandardService.java:412)
		at org.apache.catalina.util.LifecycleBase.start(LifecycleBase.java:164)
		at org.apache.catalina.core.StandardServer.startInternal(StandardServer.java:870)
		at org.apache.catalina.util.LifecycleBase.start(LifecycleBase.java:164)
		at org.apache.catalina.startup.Catalina.start(Catalina.java:761)
		at java.base/jdk.internal.reflect.NativeMethodAccessorImpl.invoke0(Native Method)
		at java.base/jdk.internal.reflect.NativeMethodAccessorImpl.invoke(NativeMethodAccessorImpl.java:77)
		at java.base/jdk.internal.reflect.DelegatingMethodAccessorImpl.invoke(DelegatingMethodAccessorImpl.java:43)
		at java.base/java.lang.reflect.Method.invoke(Method.java:568)
		at org.apache.catalina.startup.Bootstrap.start(Bootstrap.java:345)
		at org.apache.catalina.startup.Bootstrap.main(Bootstrap.java:476)
09-Jun-2025 17:31:08.998 INFO [main] org.apache.catalina.startup.HostConfig.deployWAR 웹 애플리케이션 아카이브 [C:\Users\it\Documents\back\workspacejsp\apache-tomcat-10.1.40-windows-x64\apache-tomcat-10.1.40\webapps\ROOT.war]을(를) 배치합니다.
09-Jun-2025 17:31:10.287 INFO [main] org.apache.jasper.servlet.TldScanner.scanJars 적어도 하나의 JAR가 TLD들을 찾기 위해 스캔되었으나 아무 것도 찾지 못했습니다. 스캔했으나 TLD가 없는 JAR들의 전체 목록을 보시려면, 로그 레벨을 디버그 레벨로 설정하십시오. 스캔 과정에서 불필요한 JAR들을 건너뛰면, 시스템 시작 시간과 JSP 컴파일 시간을 단축시킬 수 있습니다.
09-Jun-2025 17:31:10.398 INFO [main] org.apache.catalina.startup.HostConfig.deployWAR 웹 애플리케이션 아카이브 [C:\Users\it\Documents\back\workspacejsp\apache-tomcat-10.1.40-windows-x64\apache-tomcat-10.1.40\webapps\ROOT.war]의 배치가 [1,399] 밀리초에 완료되었습니다.
09-Jun-2025 17:31:10.399 INFO [main] org.apache.catalina.startup.HostConfig.deployDirectory 웹 애플리케이션 디렉토리 [C:\Users\it\Documents\back\workspacejsp\apache-tomcat-10.1.40-windows-x64\apache-tomcat-10.1.40\webapps\docs]을(를) 배치합니다.
09-Jun-2025 17:31:10.435 INFO [main] org.apache.catalina.startup.HostConfig.deployDirectory 웹 애플리케이션 디렉토리 [C:\Users\it\Documents\back\workspacejsp\apache-tomcat-10.1.40-windows-x64\apache-tomcat-10.1.40\webapps\docs]에 대한 배치가 [35] 밀리초에 완료되었습니다.
09-Jun-2025 17:31:10.435 INFO [main] org.apache.catalina.startup.HostConfig.deployDirectory 웹 애플리케이션 디렉토리 [C:\Users\it\Documents\back\workspacejsp\apache-tomcat-10.1.40-windows-x64\apache-tomcat-10.1.40\webapps\examples]을(를) 배치합니다.
09-Jun-2025 17:31:10.762 INFO [main] org.apache.catalina.startup.HostConfig.deployDirectory 웹 애플리케이션 디렉토리 [C:\Users\it\Documents\back\workspacejsp\apache-tomcat-10.1.40-windows-x64\apache-tomcat-10.1.40\webapps\examples]에 대한 배치가 [327] 밀리초에 완료되었습니다.
09-Jun-2025 17:31:10.763 INFO [main] org.apache.catalina.startup.HostConfig.deployDirectory 웹 애플리케이션 디렉토리 [C:\Users\it\Documents\back\workspacejsp\apache-tomcat-10.1.40-windows-x64\apache-tomcat-10.1.40\webapps\host-manager]을(를) 배치합니다.
09-Jun-2025 17:31:10.806 INFO [main] org.apache.catalina.startup.HostConfig.deployDirectory 웹 애플리케이션 디렉토리 [C:\Users\it\Documents\back\workspacejsp\apache-tomcat-10.1.40-windows-x64\apache-tomcat-10.1.40\webapps\host-manager]에 대한 배치가 [43] 밀리초에 완료되었습니다.
09-Jun-2025 17:31:10.806 INFO [main] org.apache.catalina.startup.HostConfig.deployDirectory 웹 애플리케이션 디렉토리 [C:\Users\it\Documents\back\workspacejsp\apache-tomcat-10.1.40-windows-x64\apache-tomcat-10.1.40\webapps\manager]을(를) 배치합니다.
09-Jun-2025 17:31:10.847 INFO [main] org.apache.catalina.startup.HostConfig.deployDirectory 웹 애플리케이션 디렉토리 [C:\Users\it\Documents\back\workspacejsp\apache-tomcat-10.1.40-windows-x64\apache-tomcat-10.1.40\webapps\manager]에 대한 배치가 [41] 밀리초에 완료되었습니다.
09-Jun-2025 17:31:10.851 INFO [main] org.apache.coyote.AbstractProtocol.start 프로토콜 핸들러 ["http-nio-8080"]을(를) 시작합니다.
09-Jun-2025 17:31:10.905 INFO [main] org.apache.catalina.startup.Catalina.start 서버가 [1980] 밀리초 내에 시작되었습니다.
